Removed Pin From Net: NetName=GND Pin=C1-1
Removed Pin From Net: NetName=+12 Pin=C1-2
Removed Pin From Net: NetName=GND Pin=C2-1
Removed Pin From Net: NetName=+12 Pin=C2-2
Removed Pin From Net: NetName=GND Pin=C3-1
Removed Pin From Net: NetName=+12 Pin=C3-2
Change Component Footprint: Designator=C1 Old Footprint=RAD-0.3 New Footprint=CAPR5-4X5
Change Component Footprint: Designator=C2 Old Footprint=RAD-0.3 New Footprint=CAPR5-4X5
Change Component Footprint: Designator=C3 Old Footprint=RAD-0.3 New Footprint=CAPR5-4X5
Change Component Comment : Designator=C1 Old Comment=Cap New Comment=Cap1
Change Component Comment : Designator=C2 Old Comment=Cap New Comment=Cap2
Change Component Comment : Designator=C3 Old Comment=Cap New Comment=Cap2
Change component parameters: Designator = "C1"; Footprint = "CAPR5-4X5"; UniqueID = "\GJAYALEV"
Change component parameters. Clean all parameters for all variants
Change component parameters (AddParameter): Name = "PackageDescription"; Value = "Capacitor; 2 Leads"; VariantName = "[No Variations]"
Change component parameters (AddParameter): Name = "PackageReference"; Value = "CAPR5-4X5"; VariantName = "[No Variations]"
Change component parameters (AddParameter): Name = "Published"; Value = "23-Sep-2002"; VariantName = "[No Variations]"
Change component parameters (AddParameter): Name = "Publisher"; Value = "Altium Limited"; VariantName = "[No Variations]"
Change component parameters (AddParameter): Name = "Value"; Value = "?F"; VariantName = "[No Variations]"
Change component parameters: Designator = "C2"; Footprint = "CAPR5-4X5"; UniqueID = "\WSTQQYDG"
Change component parameters. Clean all parameters for all variants
Change component parameters (AddParameter): Name = "PackageDescription"; Value = "Capacitor; 2 Leads"; VariantName = "[No Variations]"
Change component parameters (AddParameter): Name = "PackageReference"; Value = "CAPR5-4X5"; VariantName = "[No Variations]"
Change component parameters (AddParameter): Name = "Published"; Value = "23-Sep-2002"; VariantName = "[No Variations]"
Change component parameters (AddParameter): Name = "Publisher"; Value = "Altium Limited"; VariantName = "[No Variations]"
Change component parameters (AddParameter): Name = "Value"; Value = "?F"; VariantName = "[No Variations]"
Change component parameters: Designator = "C3"; Footprint = "CAPR5-4X5"; UniqueID = "\PDEOIGVU"
Change component parameters. Clean all parameters for all variants
Change component parameters (AddParameter): Name = "PackageDescription"; Value = "Capacitor; 2 Leads"; VariantName = "[No Variations]"
Change component parameters (AddParameter): Name = "PackageReference"; Value = "CAPR5-4X5"; VariantName = "[No Variations]"
Change component parameters (AddParameter): Name = "Published"; Value = "23-Sep-2002"; VariantName = "[No Variations]"
Change component parameters (AddParameter): Name = "Publisher"; Value = "Altium Limited"; VariantName = "[No Variations]"
Change component parameters (AddParameter): Name = "Value"; Value = "?F"; VariantName = "[No Variations]"
Added Component: Designator=H2(Hole 125mil)
Add component. Clean all parameters for all variants
Added Component: Designator=H3(Hole 125mil)
Add component. Clean all parameters for all variants
Added Component: Designator=H4(Hole 125mil)
Add component. Clean all parameters for all variants
Added Component: Designator=H5(Hole 125mil)
Add component. Clean all parameters for all variants
Added Pin To Net: NetName=+12 Pin=C1-1
Added Pin To Net: NetName=GND Pin=C1-2
Added Pin To Net: NetName=+12 Pin=C2-1
Added Pin To Net: NetName=GND Pin=C2-2
Added Pin To Net: NetName=+12 Pin=C3-1
Added Pin To Net: NetName=GND Pin=C3-2
Added Member To Class: ClassName=Auxiliary_Horn Member=Component H1 Horn
Added Member To Class: ClassName=Auxiliary_Horn Member=Component H2 Hole 125mil
Added Member To Class: ClassName=Auxiliary_Horn Member=Component H3 Hole 125mil
Added Member To Class: ClassName=Auxiliary_Horn Member=Component H4 Hole 125mil
Added Member To Class: ClassName=Auxiliary_Horn Member=Component H5 Hole 125mil
Added Room: Name=Auxiliary_Horn
